[error] Failed to fetch Firebase Project from Studio Workspace because WORKSPACE_SLUG environment variable is empty
[error] Failed to fetch Firebase Project from Studio Workspace because WORKSPACE_SLUG environment variable is empty
[error] Failed to fetch Firebase Project from Studio Workspace because WORKSPACE_SLUG environment variable is empty
[error] Failed to fetch Firebase Project from Studio Workspace because WORKSPACE_SLUG environment variable is empty
[debug] [2026-02-19T14:50:18.789Z] > command requires scopes: ["email","openid","https://www.googleapis.com/auth/cloudplatformprojects.readonly","https://www.googleapis.com/auth/firebase","https://www.googleapis.com/auth/cloud-platform","https://www.googleapis.com/auth/userinfo.email"]
[debug] [2026-02-19T14:50:18.790Z] > authorizing via signed-in user (chlgkrud981109@gmail.com)
[debug] [2026-02-19T14:50:18.791Z] No OAuth tokens found
[debug] [2026-02-19T14:50:18.792Z] No OAuth tokens found
[debug] [2026-02-19T14:50:18.792Z] > command requires scopes: ["email","openid","https://www.googleapis.com/auth/cloudplatformprojects.readonly","https://www.googleapis.com/auth/firebase","https://www.googleapis.com/auth/cloud-platform","https://www.googleapis.com/auth/userinfo.email"]
[debug] [2026-02-19T14:50:18.793Z] > authorizing via signed-in user (chlgkrud981109@gmail.com)
[debug] [2026-02-19T14:50:18.793Z] > command requires scopes: ["email","openid","https://www.googleapis.com/auth/cloudplatformprojects.readonly","https://www.googleapis.com/auth/firebase","https://www.googleapis.com/auth/cloud-platform","https://www.googleapis.com/auth/userinfo.email"]
[debug] [2026-02-19T14:50:18.793Z] > authorizing via signed-in user (chlgkrud981109@gmail.com)
[debug] [2026-02-19T14:50:18.794Z] No OAuth tokens found
[debug] [2026-02-19T14:50:18.794Z] No OAuth tokens found
[debug] [2026-02-19T14:50:18.794Z] > command requires scopes: ["email","openid","https://www.googleapis.com/auth/cloudplatformprojects.readonly","https://www.googleapis.com/auth/firebase","https://www.googleapis.com/auth/cloud-platform","https://www.googleapis.com/auth/userinfo.email"]
[debug] [2026-02-19T14:50:18.794Z] > authorizing via signed-in user (chlgkrud981109@gmail.com)
[debug] [2026-02-19T14:50:18.796Z] >>> [apiv2][query] GET https://cloudbilling.googleapis.com/v1/projects/product-test-662d0/billingInfo [none]
[debug] [2026-02-19T14:50:18.829Z] >>> [apiv2][query] GET https://cloudbilling.googleapis.com/v1/projects/product-test-662d0/billingInfo [none]
[debug] [2026-02-19T14:50:19.068Z] <<< [apiv2][status] GET https://cloudbilling.googleapis.com/v1/projects/product-test-662d0/billingInfo 200
[debug] [2026-02-19T14:50:19.068Z] <<< [apiv2][body] GET https://cloudbilling.googleapis.com/v1/projects/product-test-662d0/billingInfo {"name":"projects/product-test-662d0/billingInfo","projectId":"product-test-662d0","billingAccountName":"","billingEnabled":false}
[debug] [2026-02-19T14:50:19.075Z] No OAuth tokens found
[debug] [2026-02-19T14:50:19.076Z] No OAuth tokens found
[debug] [2026-02-19T14:50:19.076Z] > command requires scopes: ["email","openid","https://www.googleapis.com/auth/cloudplatformprojects.readonly","https://www.googleapis.com/auth/firebase","https://www.googleapis.com/auth/cloud-platform","https://www.googleapis.com/auth/userinfo.email"]
[debug] [2026-02-19T14:50:19.076Z] > authorizing via signed-in user (chlgkrud981109@gmail.com)
[debug] [2026-02-19T14:50:19.081Z] No OAuth tokens found
[debug] [2026-02-19T14:50:19.081Z] No OAuth tokens found
[debug] [2026-02-19T14:50:19.081Z] > command requires scopes: ["email","openid","https://www.googleapis.com/auth/cloudplatformprojects.readonly","https://www.googleapis.com/auth/firebase","https://www.googleapis.com/auth/cloud-platform","https://www.googleapis.com/auth/userinfo.email"]
[debug] [2026-02-19T14:50:19.081Z] > authorizing via signed-in user (chlgkrud981109@gmail.com)
[debug] [2026-02-19T14:50:19.082Z] No OAuth tokens found
[debug] [2026-02-19T14:50:19.082Z] No OAuth tokens found
[debug] [2026-02-19T14:50:19.082Z] > command requires scopes: ["email","openid","https://www.googleapis.com/auth/cloudplatformprojects.readonly","https://www.googleapis.com/auth/firebase","https://www.googleapis.com/auth/cloud-platform","https://www.googleapis.com/auth/userinfo.email"]
[debug] [2026-02-19T14:50:19.082Z] > authorizing via signed-in user (chlgkrud981109@gmail.com)
[debug] [2026-02-19T14:50:19.097Z] No OAuth tokens found
[debug] [2026-02-19T14:50:19.098Z] No OAuth tokens found
[debug] [2026-02-19T14:50:19.098Z] > command requires scopes: ["email","openid","https://www.googleapis.com/auth/cloudplatformprojects.readonly","https://www.googleapis.com/auth/firebase","https://www.googleapis.com/auth/cloud-platform","https://www.googleapis.com/auth/userinfo.email"]
[debug] [2026-02-19T14:50:19.098Z] > authorizing via signed-in user (chlgkrud981109@gmail.com)
[debug] [2026-02-19T14:50:19.098Z] No OAuth tokens found
[debug] [2026-02-19T14:50:19.099Z] No OAuth tokens found
[debug] [2026-02-19T14:50:19.099Z] > command requires scopes: ["email","openid","https://www.googleapis.com/auth/cloudplatformprojects.readonly","https://www.googleapis.com/auth/firebase","https://www.googleapis.com/auth/cloud-platform","https://www.googleapis.com/auth/userinfo.email"]
[debug] [2026-02-19T14:50:19.099Z] > authorizing via signed-in user (chlgkrud981109@gmail.com)
[debug] [2026-02-19T14:50:19.099Z] >>> [apiv2][query] GET https://serviceusage.googleapis.com/v1/projects/product-test-662d0/services/firestore.googleapis.com [none]
[debug] [2026-02-19T14:50:19.099Z] >>> [apiv2][(partial)header] GET https://serviceusage.googleapis.com/v1/projects/product-test-662d0/services/firestore.googleapis.com  x-goog-user-project=product-test-662d0
[debug] [2026-02-19T14:50:19.101Z] >>> [apiv2][query] GET https://serviceusage.googleapis.com/v1/projects/product-test-662d0/services/firebasedataconnect.googleapis.com [none]
[debug] [2026-02-19T14:50:19.101Z] >>> [apiv2][(partial)header] GET https://serviceusage.googleapis.com/v1/projects/product-test-662d0/services/firebasedataconnect.googleapis.com  x-goog-user-project=product-test-662d0
[debug] [2026-02-19T14:50:19.103Z] >>> [apiv2][query] GET https://serviceusage.googleapis.com/v1/projects/product-test-662d0/services/cloudfunctions.googleapis.com [none]
[debug] [2026-02-19T14:50:19.103Z] >>> [apiv2][(partial)header] GET https://serviceusage.googleapis.com/v1/projects/product-test-662d0/services/cloudfunctions.googleapis.com  x-goog-user-project=product-test-662d0
[debug] [2026-02-19T14:50:19.104Z] >>> [apiv2][query] GET https://serviceusage.googleapis.com/v1/projects/product-test-662d0/services/firebaseapphosting.googleapis.com [none]
[debug] [2026-02-19T14:50:19.104Z] >>> [apiv2][(partial)header] GET https://serviceusage.googleapis.com/v1/projects/product-test-662d0/services/firebaseapphosting.googleapis.com  x-goog-user-project=product-test-662d0
[debug] [2026-02-19T14:50:19.106Z] >>> [apiv2][query] GET https://serviceusage.googleapis.com/v1/projects/product-test-662d0/services/firebaseio.com [none]
[debug] [2026-02-19T14:50:19.106Z] >>> [apiv2][(partial)header] GET https://serviceusage.googleapis.com/v1/projects/product-test-662d0/services/firebaseio.com  x-goog-user-project=product-test-662d0
[debug] [2026-02-19T14:50:19.139Z] <<< [apiv2][status] GET https://cloudbilling.googleapis.com/v1/projects/product-test-662d0/billingInfo 200
[debug] [2026-02-19T14:50:19.139Z] <<< [apiv2][body] GET https://cloudbilling.googleapis.com/v1/projects/product-test-662d0/billingInfo {"name":"projects/product-test-662d0/billingInfo","projectId":"product-test-662d0","billingAccountName":"","billingEnabled":false}
[debug] [2026-02-19T14:50:19.141Z] No OAuth tokens found
[debug] [2026-02-19T14:50:19.141Z] No OAuth tokens found
[debug] [2026-02-19T14:50:19.141Z] > command requires scopes: ["email","openid","https://www.googleapis.com/auth/cloudplatformprojects.readonly","https://www.googleapis.com/auth/firebase","https://www.googleapis.com/auth/cloud-platform","https://www.googleapis.com/auth/userinfo.email"]
[debug] [2026-02-19T14:50:19.141Z] > authorizing via signed-in user (chlgkrud981109@gmail.com)
[debug] [2026-02-19T14:50:19.142Z] No OAuth tokens found
[debug] [2026-02-19T14:50:19.142Z] No OAuth tokens found
[debug] [2026-02-19T14:50:19.142Z] > command requires scopes: ["email","openid","https://www.googleapis.com/auth/cloudplatformprojects.readonly","https://www.googleapis.com/auth/firebase","https://www.googleapis.com/auth/cloud-platform","https://www.googleapis.com/auth/userinfo.email"]
[debug] [2026-02-19T14:50:19.142Z] > authorizing via signed-in user (chlgkrud981109@gmail.com)
[debug] [2026-02-19T14:50:19.142Z] No OAuth tokens found
[debug] [2026-02-19T14:50:19.143Z] No OAuth tokens found
[debug] [2026-02-19T14:50:19.143Z] > command requires scopes: ["email","openid","https://www.googleapis.com/auth/cloudplatformprojects.readonly","https://www.googleapis.com/auth/firebase","https://www.googleapis.com/auth/cloud-platform","https://www.googleapis.com/auth/userinfo.email"]
[debug] [2026-02-19T14:50:19.143Z] > authorizing via signed-in user (chlgkrud981109@gmail.com)
[debug] [2026-02-19T14:50:19.150Z] No OAuth tokens found
[debug] [2026-02-19T14:50:19.151Z] No OAuth tokens found
[debug] [2026-02-19T14:50:19.151Z] > command requires scopes: ["email","openid","https://www.googleapis.com/auth/cloudplatformprojects.readonly","https://www.googleapis.com/auth/firebase","https://www.googleapis.com/auth/cloud-platform","https://www.googleapis.com/auth/userinfo.email"]
[debug] [2026-02-19T14:50:19.151Z] > authorizing via signed-in user (chlgkrud981109@gmail.com)
[debug] [2026-02-19T14:50:19.151Z] No OAuth tokens found
[debug] [2026-02-19T14:50:19.151Z] No OAuth tokens found
[debug] [2026-02-19T14:50:19.151Z] > command requires scopes: ["email","openid","https://www.googleapis.com/auth/cloudplatformprojects.readonly","https://www.googleapis.com/auth/firebase","https://www.googleapis.com/auth/cloud-platform","https://www.googleapis.com/auth/userinfo.email"]
[debug] [2026-02-19T14:50:19.151Z] > authorizing via signed-in user (chlgkrud981109@gmail.com)
[debug] [2026-02-19T14:50:19.152Z] >>> [apiv2][query] GET https://serviceusage.googleapis.com/v1/projects/product-test-662d0/services/firestore.googleapis.com [none]
[debug] [2026-02-19T14:50:19.152Z] >>> [apiv2][(partial)header] GET https://serviceusage.googleapis.com/v1/projects/product-test-662d0/services/firestore.googleapis.com  x-goog-user-project=product-test-662d0
[debug] [2026-02-19T14:50:19.154Z] >>> [apiv2][query] GET https://serviceusage.googleapis.com/v1/projects/product-test-662d0/services/firebasedataconnect.googleapis.com [none]
[debug] [2026-02-19T14:50:19.154Z] >>> [apiv2][(partial)header] GET https://serviceusage.googleapis.com/v1/projects/product-test-662d0/services/firebasedataconnect.googleapis.com  x-goog-user-project=product-test-662d0
[debug] [2026-02-19T14:50:19.155Z] >>> [apiv2][query] GET https://serviceusage.googleapis.com/v1/projects/product-test-662d0/services/cloudfunctions.googleapis.com [none]
[debug] [2026-02-19T14:50:19.156Z] >>> [apiv2][(partial)header] GET https://serviceusage.googleapis.com/v1/projects/product-test-662d0/services/cloudfunctions.googleapis.com  x-goog-user-project=product-test-662d0
[debug] [2026-02-19T14:50:19.157Z] >>> [apiv2][query] GET https://serviceusage.googleapis.com/v1/projects/product-test-662d0/services/firebaseapphosting.googleapis.com [none]
[debug] [2026-02-19T14:50:19.157Z] >>> [apiv2][(partial)header] GET https://serviceusage.googleapis.com/v1/projects/product-test-662d0/services/firebaseapphosting.googleapis.com  x-goog-user-project=product-test-662d0
[debug] [2026-02-19T14:50:19.159Z] >>> [apiv2][query] GET https://serviceusage.googleapis.com/v1/projects/product-test-662d0/services/firebaseio.com [none]
[debug] [2026-02-19T14:50:19.159Z] >>> [apiv2][(partial)header] GET https://serviceusage.googleapis.com/v1/projects/product-test-662d0/services/firebaseio.com  x-goog-user-project=product-test-662d0
[debug] [2026-02-19T14:50:20.119Z] <<< [apiv2][status] GET https://serviceusage.googleapis.com/v1/projects/product-test-662d0/services/firebaseio.com 403
[debug] [2026-02-19T14:50:20.119Z] <<< [apiv2][body] GET https://serviceusage.googleapis.com/v1/projects/product-test-662d0/services/firebaseio.com [omitted]
[debug] [2026-02-19T14:50:20.160Z] <<< [apiv2][status] GET https://serviceusage.googleapis.com/v1/projects/product-test-662d0/services/firebasedataconnect.googleapis.com 200
[debug] [2026-02-19T14:50:20.161Z] <<< [apiv2][body] GET https://serviceusage.googleapis.com/v1/projects/product-test-662d0/services/firebasedataconnect.googleapis.com [omitted]
[debug] [2026-02-19T14:50:20.192Z] <<< [apiv2][status] GET https://serviceusage.googleapis.com/v1/projects/product-test-662d0/services/cloudfunctions.googleapis.com 200
[debug] [2026-02-19T14:50:20.192Z] <<< [apiv2][body] GET https://serviceusage.googleapis.com/v1/projects/product-test-662d0/services/cloudfunctions.googleapis.com [omitted]
[debug] [2026-02-19T14:50:20.193Z] <<< [apiv2][status] GET https://serviceusage.googleapis.com/v1/projects/product-test-662d0/services/firebaseio.com 403
[debug] [2026-02-19T14:50:20.193Z] <<< [apiv2][body] GET https://serviceusage.googleapis.com/v1/projects/product-test-662d0/services/firebaseio.com [omitted]
[debug] [2026-02-19T14:50:20.194Z] <<< [apiv2][status] GET https://serviceusage.googleapis.com/v1/projects/product-test-662d0/services/firestore.googleapis.com 200
[debug] [2026-02-19T14:50:20.195Z] <<< [apiv2][body] GET https://serviceusage.googleapis.com/v1/projects/product-test-662d0/services/firestore.googleapis.com [omitted]
[debug] [2026-02-19T14:50:20.239Z] <<< [apiv2][status] GET https://serviceusage.googleapis.com/v1/projects/product-test-662d0/services/firebasedataconnect.googleapis.com 200
[debug] [2026-02-19T14:50:20.239Z] <<< [apiv2][body] GET https://serviceusage.googleapis.com/v1/projects/product-test-662d0/services/firebasedataconnect.googleapis.com [omitted]
[debug] [2026-02-19T14:50:20.252Z] <<< [apiv2][status] GET https://serviceusage.googleapis.com/v1/projects/product-test-662d0/services/firestore.googleapis.com 200
[debug] [2026-02-19T14:50:20.252Z] <<< [apiv2][body] GET https://serviceusage.googleapis.com/v1/projects/product-test-662d0/services/firestore.googleapis.com [omitted]
[debug] [2026-02-19T14:50:20.253Z] <<< [apiv2][status] GET https://serviceusage.googleapis.com/v1/projects/product-test-662d0/services/firebaseapphosting.googleapis.com 200
[debug] [2026-02-19T14:50:20.253Z] <<< [apiv2][body] GET https://serviceusage.googleapis.com/v1/projects/product-test-662d0/services/firebaseapphosting.googleapis.com [omitted]
[debug] [2026-02-19T14:50:20.260Z] <<< [apiv2][status] GET https://serviceusage.googleapis.com/v1/projects/product-test-662d0/services/cloudfunctions.googleapis.com 200
[debug] [2026-02-19T14:50:20.260Z] <<< [apiv2][body] GET https://serviceusage.googleapis.com/v1/projects/product-test-662d0/services/cloudfunctions.googleapis.com [omitted]
[debug] [2026-02-19T14:50:20.304Z] <<< [apiv2][status] GET https://serviceusage.googleapis.com/v1/projects/product-test-662d0/services/firebaseapphosting.googleapis.com 200
[debug] [2026-02-19T14:50:20.304Z] <<< [apiv2][body] GET https://serviceusage.googleapis.com/v1/projects/product-test-662d0/services/firebaseapphosting.googleapis.com [omitted]
[error] Failed to fetch Firebase Project from Studio Workspace because WORKSPACE_SLUG environment variable is empty
[error] Failed to fetch Firebase Project from Studio Workspace because WORKSPACE_SLUG environment variable is empty
[error] Failed to fetch Firebase Project from Studio Workspace because WORKSPACE_SLUG environment variable is empty
[debug] [2026-02-19T14:50:20.314Z] > command requires scopes: ["email","openid","https://www.googleapis.com/auth/cloudplatformprojects.readonly","https://www.googleapis.com/auth/firebase","https://www.googleapis.com/auth/cloud-platform","https://www.googleapis.com/auth/userinfo.email"]
[debug] [2026-02-19T14:50:20.314Z] > authorizing via signed-in user (chlgkrud981109@gmail.com)
[debug] [2026-02-19T14:50:20.314Z] No OAuth tokens found
[debug] [2026-02-19T14:50:20.314Z] No OAuth tokens found
[debug] [2026-02-19T14:50:20.314Z] > command requires scopes: ["email","openid","https://www.googleapis.com/auth/cloudplatformprojects.readonly","https://www.googleapis.com/auth/firebase","https://www.googleapis.com/auth/cloud-platform","https://www.googleapis.com/auth/userinfo.email"]
[debug] [2026-02-19T14:50:20.314Z] > authorizing via signed-in user (chlgkrud981109@gmail.com)
[debug] [2026-02-19T14:50:20.315Z] >>> [apiv2][query] GET https://cloudbilling.googleapis.com/v1/projects/product-test-662d0/billingInfo [none]
[debug] [2026-02-19T14:50:20.509Z] <<< [apiv2][status] GET https://cloudbilling.googleapis.com/v1/projects/product-test-662d0/billingInfo 200
[debug] [2026-02-19T14:50:20.511Z] <<< [apiv2][body] GET https://cloudbilling.googleapis.com/v1/projects/product-test-662d0/billingInfo {"name":"projects/product-test-662d0/billingInfo","projectId":"product-test-662d0","billingAccountName":"","billingEnabled":false}
[error] Failed to fetch Firebase Project from Studio Workspace because WORKSPACE_SLUG environment variable is empty
[debug] [2026-02-19T14:50:20.513Z] > command requires scopes: ["email","openid","https://www.googleapis.com/auth/cloudplatformprojects.readonly","https://www.googleapis.com/auth/firebase","https://www.googleapis.com/auth/cloud-platform","https://www.googleapis.com/auth/userinfo.email"]
[debug] [2026-02-19T14:50:20.513Z] > authorizing via signed-in user (chlgkrud981109@gmail.com)
[error] Failed to fetch Firebase Project from Studio Workspace because WORKSPACE_SLUG environment variable is empty
[error] Failed to fetch Firebase Project from Studio Workspace because WORKSPACE_SLUG environment variable is empty
[error] Failed to fetch Firebase Project from Studio Workspace because WORKSPACE_SLUG environment variable is empty
[debug] [2026-02-19T14:50:20.533Z] > command requires scopes: ["email","openid","https://www.googleapis.com/auth/cloudplatformprojects.readonly","https://www.googleapis.com/auth/firebase","https://www.googleapis.com/auth/cloud-platform","https://www.googleapis.com/auth/userinfo.email"]
[debug] [2026-02-19T14:50:20.538Z] > authorizing via signed-in user (chlgkrud981109@gmail.com)
[debug] [2026-02-19T14:50:20.538Z] No OAuth tokens found
[debug] [2026-02-19T14:50:20.539Z] No OAuth tokens found
[debug] [2026-02-19T14:50:20.539Z] > command requires scopes: ["email","openid","https://www.googleapis.com/auth/cloudplatformprojects.readonly","https://www.googleapis.com/auth/firebase","https://www.googleapis.com/auth/cloud-platform","https://www.googleapis.com/auth/userinfo.email"]
[debug] [2026-02-19T14:50:20.539Z] > authorizing via signed-in user (chlgkrud981109@gmail.com)
[debug] [2026-02-19T14:50:20.539Z] >>> [apiv2][query] GET https://cloudbilling.googleapis.com/v1/projects/product-test-662d0/billingInfo [none]
[error] Failed to fetch Firebase Project from Studio Workspace because WORKSPACE_SLUG environment variable is empty
[error] Failed to fetch Firebase Project from Studio Workspace because WORKSPACE_SLUG environment variable is empty
[error] Failed to fetch Firebase Project from Studio Workspace because WORKSPACE_SLUG environment variable is empty
[debug] [2026-02-19T14:50:20.547Z] > command requires scopes: ["email","openid","https://www.googleapis.com/auth/cloudplatformprojects.readonly","https://www.googleapis.com/auth/firebase","https://www.googleapis.com/auth/cloud-platform","https://www.googleapis.com/auth/userinfo.email"]
[debug] [2026-02-19T14:50:20.547Z] > authorizing via signed-in user (chlgkrud981109@gmail.com)
[debug] [2026-02-19T14:50:20.547Z] No OAuth tokens found
[debug] [2026-02-19T14:50:20.547Z] No OAuth tokens found
[debug] [2026-02-19T14:50:20.547Z] > command requires scopes: ["email","openid","https://www.googleapis.com/auth/cloudplatformprojects.readonly","https://www.googleapis.com/auth/firebase","https://www.googleapis.com/auth/cloud-platform","https://www.googleapis.com/auth/userinfo.email"]
[debug] [2026-02-19T14:50:20.547Z] > authorizing via signed-in user (chlgkrud981109@gmail.com)
[debug] [2026-02-19T14:50:20.547Z] >>> [apiv2][query] GET https://cloudbilling.googleapis.com/v1/projects/product-test-662d0/billingInfo [none]
[debug] [2026-02-19T14:50:20.756Z] <<< [apiv2][status] GET https://cloudbilling.googleapis.com/v1/projects/product-test-662d0/billingInfo 200
[debug] [2026-02-19T14:50:20.757Z] <<< [apiv2][body] GET https://cloudbilling.googleapis.com/v1/projects/product-test-662d0/billingInfo {"name":"projects/product-test-662d0/billingInfo","projectId":"product-test-662d0","billingAccountName":"","billingEnabled":false}
[error] Failed to fetch Firebase Project from Studio Workspace because WORKSPACE_SLUG environment variable is empty
[debug] [2026-02-19T14:50:20.758Z] > command requires scopes: ["email","openid","https://www.googleapis.com/auth/cloudplatformprojects.readonly","https://www.googleapis.com/auth/firebase","https://www.googleapis.com/auth/cloud-platform","https://www.googleapis.com/auth/userinfo.email"]
[debug] [2026-02-19T14:50:20.759Z] > authorizing via signed-in user (chlgkrud981109@gmail.com)
[debug] [2026-02-19T14:50:20.774Z] <<< [apiv2][status] GET https://cloudbilling.googleapis.com/v1/projects/product-test-662d0/billingInfo 200
[debug] [2026-02-19T14:50:20.774Z] <<< [apiv2][body] GET https://cloudbilling.googleapis.com/v1/projects/product-test-662d0/billingInfo {"name":"projects/product-test-662d0/billingInfo","projectId":"product-test-662d0","billingAccountName":"","billingEnabled":false}
[error] Failed to fetch Firebase Project from Studio Workspace because WORKSPACE_SLUG environment variable is empty
[debug] [2026-02-19T14:50:20.775Z] > command requires scopes: ["email","openid","https://www.googleapis.com/auth/cloudplatformprojects.readonly","https://www.googleapis.com/auth/firebase","https://www.googleapis.com/auth/cloud-platform","https://www.googleapis.com/auth/userinfo.email"]
[debug] [2026-02-19T14:50:20.775Z] > authorizing via signed-in user (chlgkrud981109@gmail.com)
